<?xml version="1.0" encoding="utf-8"?><testsuites><testsuite name="pytest" errors="0" failures="0" skipped="0" tests="1" time="0.024" timestamp="2025-04-03T12:55:00.634924-04:00" hostname="HAL9000"><testcase classname="tests.test_yamel" name="test_yamel_create_and_delete" time="0.006"><system-out>--------------------------------- Captured Log ---------------------------------

--------------------------------- Captured Out ---------------------------------

</system-out><system-err>--------------------------------- Captured Err ---------------------------------

</system-err></testcase></testsuite></testsuites>